<?xml version="1.0" encoding="UTF-8"?>
<!-- Generated by org.testng.reporters.JUnitReportReporter -->
<testsuite skipped="0" hostname="DESKTOP-E2DUOMM" name="TestCases.TestCase_Login" tests="1" failures="0" timestamp="2019-11-16T16:11:56 EST" time="6.593" errors="0">
  <testcase name="login" time="6.593" classname="TestCases.TestCase_Login"/>
</testsuite> <!-- TestCases.TestCase_Login -->
