<?xml version="1.0" encoding="UTF-8"?>
<!-- Generated by org.testng.reporters.JUnitReportReporter -->
<testsuite skipped="0" hostname="DESKTOP-E2DUOMM" name="TestCases.TransferFundTestCase" tests="1" failures="0" timestamp="2019-11-28T14:12:53 EST" time="8.226" errors="0">
  <testcase name="TransferFunds" time="8.226" classname="TestCases.TransferFundTestCase"/>
</testsuite> <!-- TestCases.TransferFundTestCase -->
