<?xml version="1.0" encoding="UTF-8"?>
<!-- Generated by org.testng.reporters.JUnitReportReporter -->
<testsuite skipped="0" hostname="DESKTOP-E2DUOMM" name="TestCases.PayBillsTestCase" tests="1" failures="0" timestamp="2019-11-20T20:43:02 EST" time="6.699" errors="0">
  <testcase name="addPayBills" time="6.699" classname="TestCases.PayBillsTestCase"/>
</testsuite> <!-- TestCases.PayBillsTestCase -->
